# JRE version: OpenJDK Runtime Environment (11.0.13+8) (build 11.0.13+8-Ubuntu-0ubuntu1.20.04)
# Java VM: OpenJDK 64-Bit Server VM (11.0.13+8-Ubuntu-0ubuntu1.20.04, mixed mode, sharing, tiered, compressed oops, g1 gc, linux-amd64)
Heap:
 garbage-first heap   total 264192K, used 167574K [0x00000000e0000000, 0x0000000100000000)
  region size 1024K, 148 young (151552K), 13 survivors (13312K)
 Metaspace       used 46410K, capacity 47800K, committed 48128K, reserved 296960K
  class space    used 6298K, capacity 6795K, committed 6912K, reserved 253952K
GC Heap History (12 events):
Event: 0,278 GC heap before
{Heap before GC invocations=0 (full 0):
 garbage-first heap   total 264192K, used 30408K [0x00000000e0000000, 0x0000000100000000)
  region size 1024K, 24 young (24576K), 0 survivors (0K)
 Metaspace       used 3352K, capacity 6234K, committed 6400K, reserved 262144K
  class space    used 433K, capacity 742K, committed 768K, reserved 253952K
}
Event: 0,284 GC heap after
{Heap after GC invocations=1 (full 0):
 garbage-first heap   total 264192K, used 9642K [0x00000000e0000000, 0x0000000100000000)
  region size 1024K, 3 young (3072K), 3 survivors (3072K)
 Metaspace       used 3352K, capacity 6234K, committed 6400K, reserved 262144K
  class space    used 433K, capacity 742K, committed 768K, reserved 253952K
}
Event: 1,463 GC heap before
{Heap before GC invocations=1 (full 0):
 garbage-first heap   total 264192K, used 163242K [0x00000000e0000000, 0x0000000100000000)
  region size 1024K, 153 young (156672K), 3 survivors (3072K)
 Metaspace       used 19519K, capacity 20157K, committed 20352K, reserved 272384K
  class space    used 2827K, capacity 3075K, committed 3200K, reserved 253952K
}
Event: 1,473 GC heap after
{Heap after GC invocations=2 (full 0):
 garbage-first heap   total 264192K, used 19331K [0x00000000e0000000, 0x0000000100000000)
  region size 1024K, 13 young (13312K), 13 survivors (13312K)
 Metaspace       used 19519K, capacity 20157K, committed 20352K, reserved 272384K
  class space    used 2827K, capacity 3075K, committed 3200K, reserved 253952K
}
Event: 1,538 GC heap before
{Heap before GC invocations=2 (full 0):
 garbage-first heap   total 264192K, used 26499K [0x00000000e0000000, 0x0000000100000000)
  region size 1024K, 21 young (21504K), 13 survivors (13312K)
 Metaspace       used 20430K, capacity 21010K, committed 21248K, reserved 272384K
  class space    used 2961K, capacity 3210K, committed 3328K, reserved 253952K
}
Event: 1,546 GC heap after
{Heap after GC invocations=3 (full 0):
 garbage-first heap   total 264192K, used 19525K [0x00000000e0000000, 0x0000000100000000)
  region size 1024K, 10 young (10240K), 10 survivors (10240K)
 Metaspace       used 20430K, capacity 21010K, committed 21248K, reserved 272384K
  class space    used 2961K, capacity 3210K, committed 3328K, reserved 253952K
}
Event: 2,327 GC heap before
{Heap before GC invocations=4 (full 0):
 garbage-first heap   total 264192K, used 109637K [0x00000000e0000000, 0x0000000100000000)
  region size 1024K, 98 young (100352K), 10 survivors (10240K)
 Metaspace       used 33090K, capacity 34007K, committed 34304K, reserved 284672K
  class space    used 4628K, capacity 5007K, committed 5120K, reserved 253952K
}
Event: 2,343 GC heap after
{Heap after GC invocations=5 (full 0):
 garbage-first heap   total 264192K, used 26557K [0x00000000e0000000, 0x0000000100000000)
  region size 1024K, 8 young (8192K), 8 survivors (8192K)
 Metaspace       used 33090K, capacity 34007K, committed 34304K, reserved 284672K
  class space    used 4628K, capacity 5007K, committed 5120K, reserved 253952K
}
Event: 2,503 GC heap before
{Heap before GC invocations=5 (full 0):
 garbage-first heap   total 264192K, used 36797K [0x00000000e0000000, 0x0000000100000000)
  region size 1024K, 19 young (19456K), 8 survivors (8192K)
 Metaspace       used 34734K, capacity 35659K, committed 35840K, reserved 284672K
  class space    used 4792K, capacity 5171K, committed 5248K, reserved 253952K
}
Event: 2,510 GC heap after
{Heap after GC invocations=6 (full 0):
 garbage-first heap   total 264192K, used 26751K [0x00000000e0000000, 0x0000000100000000)
  region size 1024K, 8 young (8192K), 8 survivors (8192K)
 Metaspace       used 34734K, capacity 35659K, committed 35840K, reserved 284672K
  class space    used 4792K, capacity 5171K, committed 5248K, reserved 253952K
}
Event: 40,486 GC heap before
{Heap before GC invocations=7 (full 0):
 garbage-first heap   total 264192K, used 167039K [0x00000000e0000000, 0x0000000100000000)
  region size 1024K, 142 young (145408K), 8 survivors (8192K)
 Metaspace       used 45163K, capacity 46432K, committed 46720K, reserved 294912K
  class space    used 6188K, capacity 6708K, committed 6784K, reserved 253952K
}
Event: 40,498 GC heap after
{Heap after GC invocations=8 (full 0):
 garbage-first heap   total 264192K, used 31382K [0x00000000e0000000, 0x0000000100000000)
  region size 1024K, 13 young (13312K), 13 survivors (13312K)
 Metaspace       used 45163K, capacity 46432K, committed 46720K, reserved 294912K
  class space    used 6188K, capacity 6708K, committed 6784K, reserved 253952K
}

